\BOOKMARK [1][-]{section.1}{\376\377\000I\000n\000t\000r\000o\000d\000u\000c\000t\000i\000o\000n}{}% 1
\BOOKMARK [2][-]{subsection.1.1}{\376\377\000S\000e\000c\000u\000r\000i\000t\000y\000\040\000B\000a\000s\000i\000c\000s}{section.1}% 2
\BOOKMARK [2][-]{subsection.1.2}{\376\377\000R\000o\000t\000a\000t\000i\000o\000n}{section.1}% 3
\BOOKMARK [1][-]{section.2}{\376\377\000D\000a\000t\000a\000\040\000E\000n\000c\000r\000y\000p\000t\000i\000o\000n\000\040\000S\000t\000a\000n\000d\000a\000r\000d\000\040\000\050\000D\000E\000S\000\051}{}% 4
\BOOKMARK [2][-]{subsection.2.1}{\376\377\000S\000u\000b\000K\000e\000y\000\040\000G\000e\000n\000e\000r\000a\000t\000i\000o\000n}{section.2}% 5
\BOOKMARK [3][-]{subsubsection.2.1.1}{\376\377\000P\000a\000r\000i\000t\000y\000\040\000B\000i\000t\000s\000\040\000o\000n\000\040\000t\000h\000e\000\040\000K\000e\000y}{subsection.2.1}% 6
\BOOKMARK [3][-]{subsubsection.2.1.2}{\376\377\000R\000o\000t\000a\000t\000i\000o\000n\000s\000\040\000w\000i\000t\000h\000i\000n\000\040\000e\000a\000c\000h\000\040\000S\000u\000b\000K\000e\000y}{subsection.2.1}% 7
\BOOKMARK [3][-]{subsubsection.2.1.3}{\376\377\000P\000e\000r\000m\000u\000t\000e\000d\000\040\000C\000h\000o\000i\000c\000e}{subsection.2.1}% 8
\BOOKMARK [2][-]{subsection.2.2}{\376\377\000D\000E\000S\000\040\000E\000n\000c\000r\000y\000p\000t\000i\000o\000n\000\040\000o\000r\000\040\000D\000e\000c\000r\000y\000p\000t\000i\000o\000n\000\040\000F\000u\000n\000c\000t\000i\000o\000n}{section.2}% 9
\BOOKMARK [3][-]{subsubsection.2.2.1}{\376\377\000R\000o\000u\000n\000d\000\040\000B\000l\000o\000c\000k}{subsection.2.2}% 10
\BOOKMARK [3][-]{subsubsection.2.2.2}{\376\377\000F\000e\000i\000s\000t\000e\000l\000\040\000B\000l\000o\000c\000k}{subsection.2.2}% 11
\BOOKMARK [2][-]{subsection.2.3}{\376\377\000D\000E\000S\000\040\000i\000n\000\040\000C\000B\000C\000\040\000M\000o\000d\000e\000\040\000\050\000D\000E\000S\000-\000C\000B\000C\000\051}{section.2}% 12
\BOOKMARK [2][-]{subsection.2.4}{\376\377\000E\000n\000c\000r\000y\000p\000t\000i\000o\000n\000\040\000o\000r\000\040\000D\000e\000c\000r\000y\000p\000t\000i\000o\000n}{section.2}% 13
\BOOKMARK [2][-]{subsection.2.5}{\376\377\000S\000u\000m\000m\000a\000r\000y\000\040\000o\000f\000\040\000A\000l\000g\000o\000r\000i\000t\000h\000m}{section.2}% 14
\BOOKMARK [2][-]{subsection.2.6}{\376\377\000P\000o\000w\000e\000r\000,\000\040\000P\000e\000r\000f\000o\000r\000m\000a\000n\000c\000e\000\040\000a\000n\000d\000\040\000A\000r\000e\000a\000\040\000\050\000P\000P\000A\000\051}{section.2}% 15
\BOOKMARK [1][-]{section.3}{\376\377\000T\000a\000s\000k\000s}{}% 16
\BOOKMARK [2][-]{subsection.3.1}{\376\377\000T\000e\000s\000t\000i\000n\000g\000\040\000a\000n\000d\000\040\000S\000t\000u\000b\000b\000i\000n\000g\000\040\000C\000o\000d\000e}{section.3}% 17
\BOOKMARK [2][-]{subsection.3.2}{\376\377\000G\000e\000t\000t\000i\000n\000g\000\040\000t\000o\000\040\000k\000n\000o\000w\000\040\000M\000o\000d\000e\000l\000S\000i\000m\000\040\000a\000n\000d\000\040\000D\000e\000b\000u\000g\000g\000i\000n\000g\000\040\000m\000o\000r\000e\000\040\000i\000n\000\040\000d\000e\000p\000t\000h}{section.3}% 18
\BOOKMARK [2][-]{subsection.3.3}{\376\377\000E\000x\000t\000r\000a\000\040\000C\000r\000e\000d\000i\000t}{section.3}% 19
\BOOKMARK [1][-]{section.4}{\376\377\000S\000u\000b\000m\000i\000s\000s\000i\000o\000n}{}% 20
